Application/build/outputs/logs/manifest-merger-debug-report.txt
-- Merging decision tree log ---
manifest
ADDED from src\main\AndroidManifest.xml:16:1-128:12
	package
		ADDED from src\main\AndroidManifest.xml:17:5-51
	android:versionName
		ADDED from src\main\AndroidManifest.xml:19:5-30
		INJECTED from src\main\AndroidManifest.xml
		INJECTED from src\main\AndroidManifest.xml
	android:versionCode
		ADDED from src\main\AndroidManifest.xml:18:5-28
		INJECTED from src\main\AndroidManifest.xml
		INJECTED from src\main\AndroidManifest.xml
	xmlns:android
		ADDED from src\main\AndroidManifest.xml:16:11-69
uses-permission#android.permission.INTERNET
ADDED from src\main\AndroidManifest.xml:26:5-67
	android:name
		ADDED from src\main\AndroidManifest.xml:26:22-64
uses-permission#android.permission.READ_SYNC_STATS
ADDED from src\main\AndroidManifest.xml:28:5-74
	android:name
		ADDED from src\main\AndroidManifest.xml:28:22-71
uses-permission#android.permission.WRITE_SYNC_SETTINGS
ADDED from src\main\AndroidManifest.xml:30:5-78
	android:name
		ADDED from src\main\AndroidManifest.xml:30:22-75
uses-permission#android.permission.AUTHENTICATE_ACCOUNTS
ADDED from src\main\AndroidManifest.xml:32:5-80
	android:name
		ADDED from src\main\AndroidManifest.xml:32:22-77
application
ADDED from src\main\AndroidManifest.xml:34:5-126:19
MERGED from [com.android.support:support-v4:23.3.0] AndroidManifest.xml:22:5-20
MERGED from [com.android.support:gridlayout-v7:23.3.0] AndroidManifest.xml:22:5-20
MERGED from [com.android.support:support-v4:23.3.0] AndroidManifest.xml:22:5-20
MERGED from [com.android.support:cardview-v7:23.3.0] AndroidManifest.xml:22:5-20
	android:label
		ADDED from src\main\AndroidManifest.xml:37:9-41
	android:allowBackup
		ADDED from src\main\AndroidManifest.xml:35:9-35
	android:icon
		ADDED from src\main\AndroidManifest.xml:36:9-45
	android:theme
		ADDED from src\main\AndroidManifest.xml:38:9-40
activity#com.example.android.basicsyncadapter.EntryListActivity
ADDED from src\main\AndroidManifest.xml:41:9-51:20
	android:label
		ADDED from src\main\AndroidManifest.xml:43:13-45
	android:name
		ADDED from src\main\AndroidManifest.xml:42:13-46
intent-filter#android.intent.action.MAIN+android.intent.category.DEFAULT
ADDED from src\main\AndroidManifest.xml:46:13-50:29
action#android.intent.action.MAIN
ADDED from src\main\AndroidManifest.xml:47:17-69
	android:name
		ADDED from src\main\AndroidManifest.xml:47:25-66
category#android.intent.category.DEFAULT
ADDED from src\main\AndroidManifest.xml:49:17-76
	android:name
		ADDED from src\main\AndroidManifest.xml:49:27-73
activity#com.example.android.basicsyncadapter.SplashActivity
ADDED from src\main\AndroidManifest.xml:53:9-62:20
	android:screenOrientation
		ADDED from src\main\AndroidManifest.xml:54:13-49
	android:label
		ADDED from src\main\AndroidManifest.xml:55:13-45
	android:theme
		ADDED from src\main\AndroidManifest.xml:56:13-71
	android:name
		ADDED from src\main\AndroidManifest.xml:53:19-49
intent-filter#android.intent.action.MAIN+android.intent.category.LAUNCHER
ADDED from src\main\AndroidManifest.xml:57:13-61:29
category#android.intent.category.LAUNCHER
ADDED from src\main\AndroidManifest.xml:60:17-77
	android:name
		ADDED from src\main\AndroidManifest.xml:60:27-74
activity#com.example.android.basicsyncadapter.UrlDetailActivity
ADDED from src\main\AndroidManifest.xml:64:9-67:61
	android:screenOrientation
		ADDED from src\main\AndroidManifest.xml:67:13-49
	android:label
		ADDED from src\main\AndroidManifest.xml:66:13-45
	android:name
		ADDED from src\main\AndroidManifest.xml:65:13-46
provider#com.example.android.basicsyncadapter.provider.FeedProvider
ADDED from src\main\AndroidManifest.xml:79:9-82:40
	android:authorities
		ADDED from src\main\AndroidManifest.xml:81:13-71
	android:exported
		ADDED from src\main\AndroidManifest.xml:82:13-37
	android:name
		ADDED from src\main\AndroidManifest.xml:80:13-50
service#com.example.android.basicsyncadapter.SyncService
ADDED from src\main\AndroidManifest.xml:88:9-103:19
	android:exported
		ADDED from src\main\AndroidManifest.xml:90:13-36
	android:name
		ADDED from src\main\AndroidManifest.xml:89:13-40
intent-filter#android.content.SyncAdapter
ADDED from src\main\AndroidManifest.xml:96:13-98:29
action#android.content.SyncAdapter
ADDED from src\main\AndroidManifest.xml:97:17-70
	android:name
		ADDED from src\main\AndroidManifest.xml:97:25-67
meta-data#android.content.SyncAdapter
ADDED from src\main\AndroidManifest.xml:100:13-102:55
	android:resource
		ADDED from src\main\AndroidManifest.xml:102:17-52
	android:name
		ADDED from src\main\AndroidManifest.xml:101:17-59
service#com.example.android.common.accounts.GenericAccountService
ADDED from src\main\AndroidManifest.xml:113:9-123:19
	android:name
		ADDED from src\main\AndroidManifest.xml:113:18-90
intent-filter#android.accounts.AccountAuthenticator
ADDED from src\main\AndroidManifest.xml:116:13-118:29
action#android.accounts.AccountAuthenticator
ADDED from src\main\AndroidManifest.xml:117:17-80
	android:name
		ADDED from src\main\AndroidManifest.xml:117:25-77
meta-data#android.accounts.AccountAuthenticator
ADDED from src\main\AndroidManifest.xml:120:13-122:57
	android:resource
		ADDED from src\main\AndroidManifest.xml:122:17-54
	android:name
		ADDED from src\main\AndroidManifest.xml:121:17-69
uses-sdk
INJECTED from src\main\AndroidManifest.xml reason: use-sdk injection requested
MERGED from [com.android.support:support-v4:23.3.0] AndroidManifest.xml:20:5-43
MERGED from [com.android.support:gridlayout-v7:23.3.0] AndroidManifest.xml:20:5-43
MERGED from [com.android.support:support-v4:23.3.0] AndroidManifest.xml:20:5-43
MERGED from [com.android.support:cardview-v7:23.3.0] AndroidManifest.xml:20:5-43
	android:targetSdkVersion
		INJECTED from src\main\AndroidManifest.xml
		INJECTED from src\main\AndroidManifest.xml
	android:minSdkVersion
		INJECTED from src\main\AndroidManifest.xml
		INJECTED from src\main\AndroidManifest.xml